# Logfile created on 2014-01-04 23:07:45 +0100 by logger.rb/36483
I, [2014-01-04T23:07:45.120008 #2025]  INFO -- : 0:  rake (10.1.1) from /Users/blaz/.gem/ruby/2.0.0/specifications/rake-10.1.1.gemspec
I, [2014-01-04T23:07:45.121593 #2025]  INFO -- : 0:  i18n (0.6.9) from /Users/blaz/.gem/ruby/2.0.0/specifications/i18n-0.6.9.gemspec
I, [2014-01-04T23:07:45.122164 #2025]  INFO -- : 0:  minitest (4.7.5) from /Users/blaz/.gem/ruby/2.0.0/specifications/minitest-4.7.5.gemspec
I, [2014-01-04T23:07:45.122691 #2025]  INFO -- : 0:  multi_json (1.8.2) from /Users/blaz/.gem/ruby/2.0.0/specifications/multi_json-1.8.2.gemspec
I, [2014-01-04T23:07:45.123214 #2025]  INFO -- : 0:  atomic (1.1.14) from /Users/blaz/.gem/ruby/2.0.0/specifications/atomic-1.1.14.gemspec
I, [2014-01-04T23:07:45.123621 #2025]  INFO -- : 0:  thread_safe (0.1.3) from /Users/blaz/.gem/ruby/2.0.0/specifications/thread_safe-0.1.3.gemspec
I, [2014-01-04T23:07:45.124127 #2025]  INFO -- : 0:  tzinfo (0.3.38) from /Users/blaz/.gem/ruby/2.0.0/specifications/tzinfo-0.3.38.gemspec
I, [2014-01-04T23:07:45.124607 #2025]  INFO -- : 0:  activesupport (4.0.2) from /Users/blaz/.gem/ruby/2.0.0/specifications/activesupport-4.0.2.gemspec
I, [2014-01-04T23:07:45.125114 #2025]  INFO -- : 0:  builder (3.1.4) from /Users/blaz/.gem/ruby/2.0.0/specifications/builder-3.1.4.gemspec
I, [2014-01-04T23:07:45.125550 #2025]  INFO -- : 0:  erubis (2.7.0) from /Users/blaz/.gem/ruby/2.0.0/specifications/erubis-2.7.0.gemspec
I, [2014-01-04T23:07:45.126008 #2025]  INFO -- : 0:  rack (1.5.2) from /Users/blaz/.gem/ruby/2.0.0/specifications/rack-1.5.2.gemspec
I, [2014-01-04T23:07:45.126488 #2025]  INFO -- : 0:  rack-test (0.6.2) from /Users/blaz/.gem/ruby/2.0.0/specifications/rack-test-0.6.2.gemspec
I, [2014-01-04T23:07:45.126989 #2025]  INFO -- : 0:  actionpack (4.0.2) from /Users/blaz/.gem/ruby/2.0.0/specifications/actionpack-4.0.2.gemspec
I, [2014-01-04T23:07:45.127466 #2025]  INFO -- : 0:  mime-types (1.25.1) from /Users/blaz/.gem/ruby/2.0.0/specifications/mime-types-1.25.1.gemspec
I, [2014-01-04T23:07:45.127945 #2025]  INFO -- : 0:  polyglot (0.3.3) from /Users/blaz/.gem/ruby/2.0.0/specifications/polyglot-0.3.3.gemspec
I, [2014-01-04T23:07:45.128427 #2025]  INFO -- : 0:  treetop (1.4.15) from /Users/blaz/.gem/ruby/2.0.0/specifications/treetop-1.4.15.gemspec
I, [2014-01-04T23:07:45.128894 #2025]  INFO -- : 0:  mail (2.5.4) from /Users/blaz/.gem/ruby/2.0.0/specifications/mail-2.5.4.gemspec
I, [2014-01-04T23:07:45.129429 #2025]  INFO -- : 0:  actionmailer (4.0.2) from /Users/blaz/.gem/ruby/2.0.0/specifications/actionmailer-4.0.2.gemspec
I, [2014-01-04T23:07:45.130042 #2025]  INFO -- : 0:  activemodel (4.0.2) from /Users/blaz/.gem/ruby/2.0.0/specifications/activemodel-4.0.2.gemspec
I, [2014-01-04T23:07:45.130592 #2025]  INFO -- : 0:  activerecord-deprecated_finders (1.0.3) from /Users/blaz/.gem/ruby/2.0.0/specifications/activerecord-deprecated_finders-1.0.3.gemspec
I, [2014-01-04T23:07:45.131135 #2025]  INFO -- : 0:  arel (4.0.1) from /Users/blaz/.gem/ruby/2.0.0/specifications/arel-4.0.1.gemspec
I, [2014-01-04T23:07:45.131680 #2025]  INFO -- : 0:  activerecord (4.0.2) from /Users/blaz/.gem/ruby/2.0.0/specifications/activerecord-4.0.2.gemspec
I, [2014-01-04T23:07:45.132161 #2025]  INFO -- : 0:  bundler (1.5.1) from /Users/blaz/.gem/ruby/2.0.0/specifications/bundler-1.5.1.gemspec
I, [2014-01-04T23:07:45.132711 #2025]  INFO -- : 0:  coffee-script-source (1.6.3) from /Library/Ruby/Gems/2.0.0/specifications/coffee-script-source-1.6.3.gemspec
I, [2014-01-04T23:07:45.133235 #2025]  INFO -- : 0:  execjs (2.0.2) from /Library/Ruby/Gems/2.0.0/specifications/execjs-2.0.2.gemspec
I, [2014-01-04T23:07:45.133691 #2025]  INFO -- : 0:  coffee-script (2.2.0) from /Library/Ruby/Gems/2.0.0/specifications/coffee-script-2.2.0.gemspec
I, [2014-01-04T23:07:45.134212 #2025]  INFO -- : 0:  thor (0.18.1) from /Users/blaz/.gem/ruby/2.0.0/specifications/thor-0.18.1.gemspec
I, [2014-01-04T23:07:45.134746 #2025]  INFO -- : 0:  railties (4.0.2) from /Users/blaz/.gem/ruby/2.0.0/specifications/railties-4.0.2.gemspec
I, [2014-01-04T23:07:45.135297 #2025]  INFO -- : 0:  coffee-rails (4.0.1) from /Library/Ruby/Gems/2.0.0/specifications/coffee-rails-4.0.1.gemspec
I, [2014-01-04T23:07:45.135838 #2025]  INFO -- : 0:  hike (1.2.3) from /Users/blaz/.gem/ruby/2.0.0/specifications/hike-1.2.3.gemspec
I, [2014-01-04T23:07:45.136344 #2025]  INFO -- : 0:  jbuilder (1.5.3) from /Library/Ruby/Gems/2.0.0/specifications/jbuilder-1.5.3.gemspec
I, [2014-01-04T23:07:45.136837 #2025]  INFO -- : 0:  jquery-rails (3.0.4) from /Library/Ruby/Gems/2.0.0/specifications/jquery-rails-3.0.4.gemspec
I, [2014-01-04T23:07:45.137337 #2025]  INFO -- : 0:  json (1.8.1) from /Users/blaz/.gem/ruby/2.0.0/specifications/json-1.8.1.gemspec
I, [2014-01-04T23:07:45.137844 #2025]  INFO -- : 0:  mysql2 (0.3.14) from /Library/Ruby/Gems/2.0.0/specifications/mysql2-0.3.14.gemspec
E, [2014-01-04T23:07:48.905108 #2025] ERROR -- : Gem::Ext::BuildError: ERROR: Failed to build gem native extension.

    /System/Library/Frameworks/Ruby.framework/Versions/2.0/usr/bin/ruby extconf.rb 
checking for pg_config... no
No pg_config... trying anyway. If building fails, please try again with
 --with-pg-config=/path/to/pg_config
checking for libpq-fe.h... no
Can't find the 'libpq-fe.h header
*** extconf.rb failed ***
Could not create Makefile due to some reason, probably lack of necessary
libraries and/or headers.  Check the mkmf.log file for more details.  You may
need configuration options.

Provided configuration options:
	--with-opt-dir
	--without-opt-dir
	--with-opt-include
	--without-opt-include=${opt-dir}/include
	--with-opt-lib
	--without-opt-lib=${opt-dir}/lib
	--with-make-prog
	--without-make-prog
	--srcdir=.
	--curdir
	--ruby=/System/Library/Frameworks/Ruby.framework/Versions/2.0/usr/bin/ruby
	--with-pg
	--without-pg
	--with-pg-config
	--without-pg-config
	--with-pg_config
	--without-pg_config
	--with-pg-dir
	--without-pg-dir
	--with-pg-include
	--without-pg-include=${pg-dir}/include
	--with-pg-lib
	--without-pg-lib=${pg-dir}/

extconf failed, exit code 1

Gem files will remain installed in /Users/blaz/.bundler/tmp/2025/gems/pg-0.17.1 for inspection.
Results logged to /Users/blaz/.bundler/tmp/2025/extensions/universal-darwin-13/2.0.0/pg-0.17.1/gem_make.out

/Library/Ruby/Site/2.0.0/rubygems/ext/builder.rb:89:in `run'  \n/Library/Ruby/Site/2.0.0/rubygems/ext/ext_conf_builder.rb:37:in `block in build'  \n/System/Library/Frameworks/Ruby.framework/Versions/2.0/usr/lib/ruby/2.0.0/tempfile.rb:324:in `open'  \n/Library/Ruby/Site/2.0.0/rubygems/ext/ext_conf_builder.rb:17:in `build'  \n/Library/Ruby/Site/2.0.0/rubygems/ext/builder.rb:161:in `block (2 levels) in build_extension'  \n/Library/Ruby/Site/2.0.0/rubygems/ext/builder.rb:160:in `chdir'  \n/Library/Ruby/Site/2.0.0/rubygems/ext/builder.rb:160:in `block in build_extension'  \n/Library/Ruby/Site/2.0.0/rubygems/ext/builder.rb:159:in `synchronize'  \n/Library/Ruby/Site/2.0.0/rubygems/ext/builder.rb:159:in `build_extension'  \n/Library/Ruby/Site/2.0.0/rubygems/ext/builder.rb:198:in `block in build_extensions'  \n/Library/Ruby/Site/2.0.0/rubygems/ext/builder.rb:195:in `each'  \n/Library/Ruby/Site/2.0.0/rubygems/ext/builder.rb:195:in `build_extensions'  \n/Library/Ruby/Site/2.0.0/rubygems/installer.rb:677:in `build_extensions'  \n/Library/Ruby/Site/2.0.0/rubygems/installer.rb:232:in `install'  \n/Users/blaz/.gem/ruby/2.0.0/gems/bundler-1.5.1/lib/bundler/source/rubygems.rb:101:in `block in install'  \n/Users/blaz/.gem/ruby/2.0.0/gems/bundler-1.5.1/lib/bundler/rubygems_integration.rb:118:in `preserve_paths'  \n/Users/blaz/.gem/ruby/2.0.0/gems/bundler-1.5.1/lib/bundler/source/rubygems.rb:94:in `install'  \n/Users/blaz/.gem/ruby/2.0.0/gems/bundler-1.5.1/lib/bundler/installer.rb:111:in `block in install_gem_from_spec'  \n/Users/blaz/.gem/ruby/2.0.0/gems/bundler-1.5.1/lib/bundler/rubygems_integration.rb:150:in `with_build_args'  \n/Users/blaz/.gem/ruby/2.0.0/gems/bundler-1.5.1/lib/bundler/installer.rb:110:in `install_gem_from_spec'  \n/Users/blaz/.gem/ruby/2.0.0/gems/bundler-1.5.1/lib/bundler/installer.rb:295:in `block in install_sequentially'  \n/System/Library/Frameworks/Ruby.framework/Versions/2.0/usr/lib/ruby/2.0.0/forwardable.rb:171:in `each'  \n/System/Library/Frameworks/Ruby.framework/Versions/2.0/usr/lib/ruby/2.0.0/forwardable.rb:171:in `each'  \n/Users/blaz/.gem/ruby/2.0.0/gems/bundler-1.5.1/lib/bundler/installer.rb:294:in `install_sequentially'  \n/Users/blaz/.gem/ruby/2.0.0/gems/bundler-1.5.1/lib/bundler/installer.rb:97:in `run'  \n/Users/blaz/.gem/ruby/2.0.0/gems/bundler-1.5.1/lib/bundler/installer.rb:15:in `install'  \n/Users/blaz/.gem/ruby/2.0.0/gems/bundler-1.5.1/lib/bundler/cli.rb:257:in `install'  \n/Users/blaz/.gem/ruby/2.0.0/gems/bundler-1.5.1/lib/bundler/vendor/thor/command.rb:27:in `run'  \n/Users/blaz/.gem/ruby/2.0.0/gems/bundler-1.5.1/lib/bundler/vendor/thor/invocation.rb:120:in `invoke_command'  \n/Users/blaz/.gem/ruby/2.0.0/gems/bundler-1.5.1/lib/bundler/vendor/thor.rb:363:in `dispatch'  \n/Users/blaz/.gem/ruby/2.0.0/gems/bundler-1.5.1/lib/bundler/vendor/thor/base.rb:438:in `start'  \n/Users/blaz/.gem/ruby/2.0.0/gems/bundler-1.5.1/lib/bundler/cli.rb:10:in `start'  \n/Users/blaz/.gem/ruby/2.0.0/gems/bundler-1.5.1/bin/bundle:22:in `block in <top (required)>'  \n/Users/blaz/.gem/ruby/2.0.0/gems/bundler-1.5.1/lib/bundler/friendly_errors.rb:5:in `with_friendly_errors'  \n/Users/blaz/.gem/ruby/2.0.0/gems/bundler-1.5.1/bin/bundle:22:in `<top (required)>'  \n/Users/blaz/Dropbox/Git/rubyrubyrubyrubywohohoho/bin/bundle:3:in `load'  \n/Users/blaz/Dropbox/Git/rubyrubyrubyrubywohohoho/bin/bundle:3:in `<top (required)>'  \n-e:1:in `load'  \n-e:1:in `<main>'
I, [2014-01-04T23:36:52.445366 #7512]  INFO -- : 0:  rake (10.1.1) from /Users/blaz/.gem/ruby/2.0.0/specifications/rake-10.1.1.gemspec
I, [2014-01-04T23:36:52.493520 #7512]  INFO -- : 0:  i18n (0.6.9) from /Users/blaz/.gem/ruby/2.0.0/specifications/i18n-0.6.9.gemspec
I, [2014-01-04T23:36:52.493960 #7512]  INFO -- : 0:  minitest (4.7.5) from /Users/blaz/.gem/ruby/2.0.0/specifications/minitest-4.7.5.gemspec
I, [2014-01-04T23:36:52.494285 #7512]  INFO -- : 0:  multi_json (1.8.2) from /Users/blaz/.gem/ruby/2.0.0/specifications/multi_json-1.8.2.gemspec
I, [2014-01-04T23:36:52.494752 #7512]  INFO -- : 0:  atomic (1.1.14) from /Users/blaz/.gem/ruby/2.0.0/specifications/atomic-1.1.14.gemspec
I, [2014-01-04T23:36:52.495248 #7512]  INFO -- : 0:  thread_safe (0.1.3) from /Users/blaz/.gem/ruby/2.0.0/specifications/thread_safe-0.1.3.gemspec
I, [2014-01-04T23:36:52.495705 #7512]  INFO -- : 0:  tzinfo (0.3.38) from /Users/blaz/.gem/ruby/2.0.0/specifications/tzinfo-0.3.38.gemspec
I, [2014-01-04T23:36:52.496195 #7512]  INFO -- : 0:  activesupport (4.0.2) from /Users/blaz/.gem/ruby/2.0.0/specifications/activesupport-4.0.2.gemspec
I, [2014-01-04T23:36:52.496636 #7512]  INFO -- : 0:  builder (3.1.4) from /Users/blaz/.gem/ruby/2.0.0/specifications/builder-3.1.4.gemspec
I, [2014-01-04T23:36:52.497057 #7512]  INFO -- : 0:  erubis (2.7.0) from /Users/blaz/.gem/ruby/2.0.0/specifications/erubis-2.7.0.gemspec
I, [2014-01-04T23:36:52.497495 #7512]  INFO -- : 0:  rack (1.5.2) from /Users/blaz/.gem/ruby/2.0.0/specifications/rack-1.5.2.gemspec
I, [2014-01-04T23:36:52.497963 #7512]  INFO -- : 0:  rack-test (0.6.2) from /Users/blaz/.gem/ruby/2.0.0/specifications/rack-test-0.6.2.gemspec
I, [2014-01-04T23:36:52.498385 #7512]  INFO -- : 0:  actionpack (4.0.2) from /Users/blaz/.gem/ruby/2.0.0/specifications/actionpack-4.0.2.gemspec
I, [2014-01-04T23:36:52.498823 #7512]  INFO -- : 0:  mime-types (1.25.1) from /Users/blaz/.gem/ruby/2.0.0/specifications/mime-types-1.25.1.gemspec
I, [2014-01-04T23:36:52.499221 #7512]  INFO -- : 0:  polyglot (0.3.3) from /Users/blaz/.gem/ruby/2.0.0/specifications/polyglot-0.3.3.gemspec
I, [2014-01-04T23:36:52.499660 #7512]  INFO -- : 0:  treetop (1.4.15) from /Users/blaz/.gem/ruby/2.0.0/specifications/treetop-1.4.15.gemspec
I, [2014-01-04T23:36:52.500076 #7512]  INFO -- : 0:  mail (2.5.4) from /Users/blaz/.gem/ruby/2.0.0/specifications/mail-2.5.4.gemspec
I, [2014-01-04T23:36:52.500526 #7512]  INFO -- : 0:  actionmailer (4.0.2) from /Users/blaz/.gem/ruby/2.0.0/specifications/actionmailer-4.0.2.gemspec
I, [2014-01-04T23:36:52.500952 #7512]  INFO -- : 0:  activemodel (4.0.2) from /Users/blaz/.gem/ruby/2.0.0/specifications/activemodel-4.0.2.gemspec
I, [2014-01-04T23:36:52.501419 #7512]  INFO -- : 0:  activerecord-deprecated_finders (1.0.3) from /Users/blaz/.gem/ruby/2.0.0/specifications/activerecord-deprecated_finders-1.0.3.gemspec
I, [2014-01-04T23:36:52.501846 #7512]  INFO -- : 0:  arel (4.0.1) from /Users/blaz/.gem/ruby/2.0.0/specifications/arel-4.0.1.gemspec
I, [2014-01-04T23:36:52.502279 #7512]  INFO -- : 0:  activerecord (4.0.2) from /Users/blaz/.gem/ruby/2.0.0/specifications/activerecord-4.0.2.gemspec
I, [2014-01-04T23:36:52.502624 #7512]  INFO -- : 0:  bundler (1.5.1) from /Users/blaz/.gem/ruby/2.0.0/specifications/bundler-1.5.1.gemspec
I, [2014-01-04T23:36:52.503044 #7512]  INFO -- : 0:  coffee-script-source (1.6.3) from /Library/Ruby/Gems/2.0.0/specifications/coffee-script-source-1.6.3.gemspec
I, [2014-01-04T23:36:52.503480 #7512]  INFO -- : 0:  execjs (2.0.2) from /Library/Ruby/Gems/2.0.0/specifications/execjs-2.0.2.gemspec
I, [2014-01-04T23:36:52.503776 #7512]  INFO -- : 0:  coffee-script (2.2.0) from /Library/Ruby/Gems/2.0.0/specifications/coffee-script-2.2.0.gemspec
I, [2014-01-04T23:36:52.504061 #7512]  INFO -- : 0:  thor (0.18.1) from /Users/blaz/.gem/ruby/2.0.0/specifications/thor-0.18.1.gemspec
I, [2014-01-04T23:36:52.504411 #7512]  INFO -- : 0:  railties (4.0.2) from /Users/blaz/.gem/ruby/2.0.0/specifications/railties-4.0.2.gemspec
I, [2014-01-04T23:36:52.504749 #7512]  INFO -- : 0:  coffee-rails (4.0.1) from /Library/Ruby/Gems/2.0.0/specifications/coffee-rails-4.0.1.gemspec
I, [2014-01-04T23:36:52.505033 #7512]  INFO -- : 0:  hike (1.2.3) from /Users/blaz/.gem/ruby/2.0.0/specifications/hike-1.2.3.gemspec
I, [2014-01-04T23:36:52.505313 #7512]  INFO -- : 0:  jbuilder (1.5.3) from /Library/Ruby/Gems/2.0.0/specifications/jbuilder-1.5.3.gemspec
I, [2014-01-04T23:36:52.505684 #7512]  INFO -- : 0:  jquery-rails (3.0.4) from /Library/Ruby/Gems/2.0.0/specifications/jquery-rails-3.0.4.gemspec
I, [2014-01-04T23:36:52.506024 #7512]  INFO -- : 0:  json (1.8.1) from /Users/blaz/.gem/ruby/2.0.0/specifications/json-1.8.1.gemspec
I, [2014-01-04T23:36:52.506550 #7512]  INFO -- : 0:  mysql2 (0.3.14) from /Library/Ruby/Gems/2.0.0/specifications/mysql2-0.3.14.gemspec
I, [2014-01-04T23:36:52.506931 #7512]  INFO -- : 0:  tilt (1.4.1) from /Users/blaz/.gem/ruby/2.0.0/specifications/tilt-1.4.1.gemspec
I, [2014-01-04T23:36:52.507211 #7512]  INFO -- : 0:  sprockets (2.10.1) from /Users/blaz/.gem/ruby/2.0.0/specifications/sprockets-2.10.1.gemspec
I, [2014-01-04T23:36:52.507494 #7512]  INFO -- : 0:  sprockets-rails (2.0.1) from /Users/blaz/.gem/ruby/2.0.0/specifications/sprockets-rails-2.0.1.gemspec
I, [2014-01-04T23:36:52.507746 #7512]  INFO -- : 0:  rails (4.0.2) from /Library/Ruby/Gems/2.0.0/specifications/rails-4.0.2.gemspec
I, [2014-01-04T23:36:52.508031 #7512]  INFO -- : 0:  rdoc (3.12.2) from /Library/Ruby/Gems/2.0.0/specifications/rdoc-3.12.2.gemspec
I, [2014-01-04T23:36:52.508320 #7512]  INFO -- : 0:  sass (3.2.13) from /Library/Ruby/Gems/2.0.0/specifications/sass-3.2.13.gemspec
I, [2014-01-04T23:36:52.508631 #7512]  INFO -- : 0:  sass-rails (4.0.1) from /Library/Ruby/Gems/2.0.0/specifications/sass-rails-4.0.1.gemspec
I, [2014-01-04T23:36:52.508999 #7512]  INFO -- : 0:  sdoc (0.3.20) from /Library/Ruby/Gems/2.0.0/specifications/sdoc-0.3.20.gemspec
I, [2014-01-04T23:36:52.509386 #7512]  INFO -- : 0:  turbolinks (2.1.0) from /Library/Ruby/Gems/2.0.0/specifications/turbolinks-2.1.0.gemspec
I, [2014-01-04T23:36:52.509682 #7512]  INFO -- : 0:  uglifier (2.4.0) from /Library/Ruby/Gems/2.0.0/specifications/uglifier-2.4.0.gemspec
